# JRE version: Java(TM) SE Runtime Environment (24.0+36) (build 24+36-3646)
# Java VM: Java HotSpot(TM) 64-Bit Server VM (24+36-3646, mixed mode, sharing, tiered, compressed oops, compressed class ptrs, g1 gc, windows-amd64)
GC Precious Log:
 CardTable entry size: 512
 Card Set container configuration: InlinePtr #cards 4 size 8 Array Of Cards #cards 32 size 80 Howl #buckets 8 coarsen threshold 7372 Howl Bitmap #cards 1024 size 144 coarsen threshold 921 Card regions per heap region 1 cards per card region 8192
 CPUs: 22 total, 22 available
 Memory: 32373M
 Large Page Support: Disabled
 NUMA Support: Disabled
 Compressed Oops: Enabled (Zero based)
 Heap Region Size: 4M
 Heap Min Capacity: 8M
 Heap Initial Capacity: 508M
 Heap Max Capacity: 8096M
 Pre-touch: Disabled
 Parallel Workers: 16
 Concurrent Workers: 4
 Concurrent Refinement Workers: 16
 Periodic GC: Disabled
Heap:
 garbage-first heap   total reserved 8290304K, committed 73728K, used 45847K [0x0000000606000000, 0x0000000800000000)
  region size 4096K, 5 young (20480K), 1 survivors (4096K)
 Metaspace       used 36027K, committed 36480K, reserved 1114112K
  class space    used 4124K, committed 4352K, reserved 1048576K
GC Heap History (20 events):
Event: 4.566 GC heap before
{Heap before GC invocations=3 (full 0):
 garbage-first heap   total reserved 8290304K, committed 57344K, used 51468K [0x0000000606000000, 0x0000000800000000)
  region size 4096K, 13 young (53248K), 3 survivors (12288K)
 Metaspace       used 25014K, committed 25408K, reserved 1114112K
  class space    used 3094K, committed 3264K, reserved 1048576K
}
Event: 4.579 GC heap after
{Heap after GC invocations=4 (full 0):
 garbage-first heap   total reserved 8290304K, committed 73728K, used 14778K [0x0000000606000000, 0x0000000800000000)
  region size 4096K, 4 young (16384K), 4 survivors (16384K)
 Metaspace       used 25014K, committed 25408K, reserved 1114112K
  class space    used 3094K, committed 3264K, reserved 1048576K
}
Event: 11.641 GC heap before
{Heap before GC invocations=4 (full 0):
 garbage-first heap   total reserved 8290304K, committed 73728K, used 39354K [0x0000000606000000, 0x0000000800000000)
  region size 4096K, 10 young (40960K), 4 survivors (16384K)
 Metaspace       used 26685K, committed 27072K, reserved 1114112K
  class space    used 3257K, committed 3392K, reserved 1048576K
}
Event: 11.649 GC heap after
{Heap after GC invocations=5 (full 0):
 garbage-first heap   total reserved 8290304K, committed 73728K, used 15719K [0x0000000606000000, 0x0000000800000000)
  region size 4096K, 2 young (8192K), 2 survivors (8192K)
 Metaspace       used 26685K, committed 27072K, reserved 1114112K
  class space    used 3257K, committed 3392K, reserved 1048576K
}
Event: 13.820 GC heap before
{Heap before GC invocations=5 (full 0):
 garbage-first heap   total reserved 8290304K, committed 73728K, used 48487K [0x0000000606000000, 0x0000000800000000)
  region size 4096K, 10 young (40960K), 2 survivors (8192K)
 Metaspace       used 29419K, committed 29824K, reserved 1114112K
  class space    used 3714K, committed 3840K, reserved 1048576K
}
Event: 13.824 GC heap after
{Heap after GC invocations=6 (full 0):
 garbage-first heap   total reserved 8290304K, committed 73728K, used 20762K [0x0000000606000000, 0x0000000800000000)
  region size 4096K, 2 young (8192K), 2 survivors (8192K)
 Metaspace       used 29419K, committed 29824K, reserved 1114112K
  class space    used 3714K, committed 3840K, reserved 1048576K
}
Event: 21.853 GC heap before
{Heap before GC invocations=6 (full 0):
 garbage-first heap   total reserved 8290304K, committed 73728K, used 53530K [0x0000000606000000, 0x0000000800000000)
  region size 4096K, 9 young (36864K), 2 survivors (8192K)
 Metaspace       used 30227K, committed 30592K, reserved 1114112K
  class space    used 3753K, committed 3904K, reserved 1048576K
}
Event: 21.859 GC heap after
{Heap after GC invocations=7 (full 0):
 garbage-first heap   total reserved 8290304K, committed 73728K, used 31725K [0x0000000606000000, 0x0000000800000000)
  region size 4096K, 2 young (8192K), 2 survivors (8192K)
 Metaspace       used 30227K, committed 30592K, reserved 1114112K
  class space    used 3753K, committed 3904K, reserved 1048576K
}
Event: 57.068 GC heap before
{Heap before GC invocations=7 (full 0):
 garbage-first heap   total reserved 8290304K, committed 73728K, used 52205K [0x0000000606000000, 0x0000000800000000)
  region size 4096K, 8 young (32768K), 2 survivors (8192K)
 Metaspace       used 34682K, committed 35200K, reserved 1114112K
  class space    used 4144K, committed 4352K, reserved 1048576K
}
Event: 57.075 GC heap after
{Heap after GC invocations=8 (full 0):
 garbage-first heap   total reserved 8290304K, committed 73728K, used 34388K [0x0000000606000000, 0x0000000800000000)
  region size 4096K, 1 young (4096K), 1 survivors (4096K)
 Metaspace       used 34682K, committed 35200K, reserved 1114112K
  class space    used 4144K, committed 4352K, reserved 1048576K
}
Event: 720.756 GC heap before
{Heap before GC invocations=8 (full 0):
 garbage-first heap   total reserved 8290304K, committed 73728K, used 54868K [0x0000000606000000, 0x0000000800000000)
  region size 4096K, 6 young (24576K), 1 survivors (4096K)
 Metaspace       used 35409K, committed 35840K, reserved 1114112K
  class space    used 4148K, committed 4352K, reserved 1048576K
}
Event: 720.759 GC heap after
{Heap after GC invocations=9 (full 0):
 garbage-first heap   total reserved 8290304K, committed 73728K, used 34567K [0x0000000606000000, 0x0000000800000000)
  region size 4096K, 1 young (4096K), 1 survivors (4096K)
 Metaspace       used 35409K, committed 35840K, reserved 1114112K
  class space    used 4148K, committed 4352K, reserved 1048576K
}
Event: 960.742 GC heap before
{Heap before GC invocations=9 (full 0):
 garbage-first heap   total reserved 8290304K, committed 73728K, used 38663K [0x0000000606000000, 0x0000000800000000)
  region size 4096K, 3 young (12288K), 1 survivors (4096K)
 Metaspace       used 35513K, committed 35968K, reserved 1114112K
  class space    used 4148K, committed 4352K, reserved 1048576K
}
Event: 960.746 GC heap after
{Heap after GC invocations=10 (full 0):
 garbage-first heap   total reserved 8290304K, committed 73728K, used 34897K [0x0000000606000000, 0x0000000800000000)
  region size 4096K, 1 young (4096K), 1 survivors (4096K)
 Metaspace       used 35513K, committed 35968K, reserved 1114112K
  class space    used 4148K, committed 4352K, reserved 1048576K
}
Event: 1827.630 GC heap before
{Heap before GC invocations=11 (full 0):
 garbage-first heap   total reserved 8290304K, committed 73728K, used 55377K [0x0000000606000000, 0x0000000800000000)
  region size 4096K, 6 young (24576K), 1 survivors (4096K)
 Metaspace       used 35779K, committed 36224K, reserved 1114112K
  class space    used 4123K, committed 4352K, reserved 1048576K
}
Event: 1827.632 GC heap after
{Heap after GC invocations=12 (full 0):
 garbage-first heap   total reserved 8290304K, committed 73728K, used 35929K [0x0000000606000000, 0x0000000800000000)
  region size 4096K, 1 young (4096K), 1 survivors (4096K)
 Metaspace       used 35779K, committed 36224K, reserved 1114112K
  class space    used 4123K, committed 4352K, reserved 1048576K
}
Event: 2151.960 GC heap before
{Heap before GC invocations=12 (full 0):
 garbage-first heap   total reserved 8290304K, committed 73728K, used 60505K [0x0000000606000000, 0x0000000800000000)
  region size 4096K, 7 young (28672K), 1 survivors (4096K)
 Metaspace       used 35906K, committed 36352K, reserved 1114112K
  class space    used 4123K, committed 4352K, reserved 1048576K
}
Event: 2151.967 GC heap after
{Heap after GC invocations=13 (full 0):
 garbage-first heap   total reserved 8290304K, committed 73728K, used 33138K [0x0000000606000000, 0x0000000800000000)
  region size 4096K, 1 young (4096K), 1 survivors (4096K)
 Metaspace       used 35906K, committed 36352K, reserved 1114112K
  class space    used 4123K, committed 4352K, reserved 1048576K
}
Event: 2518.868 GC heap before
{Heap before GC invocations=13 (full 0):
 garbage-first heap   total reserved 8290304K, committed 73728K, used 61810K [0x0000000606000000, 0x0000000800000000)
  region size 4096K, 8 young (32768K), 1 survivors (4096K)
 Metaspace       used 35977K, committed 36480K, reserved 1114112K
  class space    used 4123K, committed 4352K, reserved 1048576K
}
Event: 2518.870 GC heap after
{Heap after GC invocations=14 (full 0):
 garbage-first heap   total reserved 8290304K, committed 73728K, used 33559K [0x0000000606000000, 0x0000000800000000)
  region size 4096K, 1 young (4096K), 1 survivors (4096K)
 Metaspace       used 35977K, committed 36480K, reserved 1114112K
  class space    used 4123K, committed 4352K, reserved 1048576K
}

